This is pdfTeX, Version 3.1415926-2.5-1.40.14 (MiKTeX 2.9) (preloaded format=pdflatex 2014.1.2)  10 JAN 2015 16:00
entering extended mode
**notes.tex
(C:\Users\jep2963\Documents\R\PIR-APP\Notes\notes.tex
LaTeX2e <2011/06/27>
Babel <v3.8m> and hyphenation patterns for english, afrikaans, ancientgreek, ar
abic, armenian, assamese, basque, bengali, bokmal, bulgarian, catalan, coptic, 
croatian, czech, danish, dutch, esperanto, estonian, farsi, finnish, french, ga
lician, german, german-x-2013-05-26, greek, gujarati, hindi, hungarian, iceland
ic, indonesian, interlingua, irish, italian, kannada, kurmanji, latin, latvian,
 lithuanian, malayalam, marathi, mongolian, mongolianlmc, monogreek, ngerman, n
german-x-2013-05-26, nynorsk, oriya, panjabi, pinyin, polish, portuguese, roman
ian, russian, sanskrit, serbian, slovak, slovenian, spanish, swedish, swissgerm
an, tamil, telugu, turkish, turkmen, ukenglish, ukrainian, uppersorbian, usengl
ishmax, welsh, loaded.
("C:\Program Files (x86)\MiKTeX 2.9\tex\latex\base\article.cls"
Document Class: article 2007/10/19 v1.4h Standard LaTeX document class
("C:\Program Files (x86)\MiKTeX 2.9\tex\latex\base\size11.clo"
File: size11.clo 2007/10/19 v1.4h Standard LaTeX file (size option)
)
\c@part=\count79
\c@section=\count80
\c@subsection=\count81
\c@subsubsection=\count82
\c@paragraph=\count83
\c@subparagraph=\count84
\c@figure=\count85
\c@table=\count86
\abovecaptionskip=\skip41
\belowcaptionskip=\skip42
\bibindent=\dimen102
)
("C:\Program Files (x86)\MiKTeX 2.9\tex\latex\amsfonts\amssymb.sty"
Package: amssymb 2013/01/14 v3.01 AMS font symbols

("C:\Program Files (x86)\MiKTeX 2.9\tex\latex\amsfonts\amsfonts.sty"
Package: amsfonts 2013/01/14 v3.01 Basic AMSFonts support
\@emptytoks=\toks14
\symAMSa=\mathgroup4
\symAMSb=\mathgroup5
LaTeX Font Info:    Overwriting math alphabet `\mathfrak' in version `bold'
(Font)                  U/euf/m/n --> U/euf/b/n on input line 106.
))
("C:\Program Files (x86)\MiKTeX 2.9\tex\latex\amsmath\amsmath.sty"
Package: amsmath 2013/01/14 v2.14 AMS math features
\@mathmargin=\skip43

For additional information on amsmath, use the `?' option.
("C:\Program Files (x86)\MiKTeX 2.9\tex\latex\amsmath\amstext.sty"
Package: amstext 2000/06/29 v2.01

("C:\Program Files (x86)\MiKTeX 2.9\tex\latex\amsmath\amsgen.sty"
File: amsgen.sty 1999/11/30 v2.0
\@emptytoks=\toks15
\ex@=\dimen103
))
("C:\Program Files (x86)\MiKTeX 2.9\tex\latex\amsmath\amsbsy.sty"
Package: amsbsy 1999/11/29 v1.2d
\pmbraise@=\dimen104
)
("C:\Program Files (x86)\MiKTeX 2.9\tex\latex\amsmath\amsopn.sty"
Package: amsopn 1999/12/14 v2.01 operator names
)
\inf@bad=\count87
LaTeX Info: Redefining \frac on input line 210.
\uproot@=\count88
\leftroot@=\count89
LaTeX Info: Redefining \overline on input line 306.
\classnum@=\count90
\DOTSCASE@=\count91
LaTeX Info: Redefining \ldots on input line 378.
LaTeX Info: Redefining \dots on input line 381.
LaTeX Info: Redefining \cdots on input line 466.
\Mathstrutbox@=\box26
\strutbox@=\box27
\big@size=\dimen105
LaTeX Font Info:    Redeclaring font encoding OML on input line 566.
LaTeX Font Info:    Redeclaring font encoding OMS on input line 567.
\macc@depth=\count92
\c@MaxMatrixCols=\count93
\dotsspace@=\muskip10
\c@parentequation=\count94
\dspbrk@lvl=\count95
\tag@help=\toks16
\row@=\count96
\column@=\count97
\maxfields@=\count98
\andhelp@=\toks17
\eqnshift@=\dimen106
\alignsep@=\dimen107
\tagshift@=\dimen108
\tagwidth@=\dimen109
\totwidth@=\dimen110
\lineht@=\dimen111
\@envbody=\toks18
\multlinegap=\skip44
\multlinetaggap=\skip45
\mathdisplay@stack=\toks19
LaTeX Info: Redefining \[ on input line 2665.
LaTeX Info: Redefining \] on input line 2666.
)
("C:\Program Files (x86)\MiKTeX 2.9\tex\latex\geometry\geometry.sty"
Package: geometry 2010/09/12 v5.6 Page Geometry

("C:\Program Files (x86)\MiKTeX 2.9\tex\latex\graphics\keyval.sty"
Package: keyval 1999/03/16 v1.13 key=value parser (DPC)
\KV@toks@=\toks20
)
("C:\Program Files (x86)\MiKTeX 2.9\tex\generic\oberdiek\ifpdf.sty"
Package: ifpdf 2011/01/30 v2.3 Provides the ifpdf switch (HO)
Package ifpdf Info: pdfTeX in PDF mode is detected.
)
("C:\Program Files (x86)\MiKTeX 2.9\tex\generic\oberdiek\ifvtex.sty"
Package: ifvtex 2010/03/01 v1.5 Detect VTeX and its facilities (HO)
Package ifvtex Info: VTeX not detected.
)
("C:\Program Files (x86)\MiKTeX 2.9\tex\generic\ifxetex\ifxetex.sty"
Package: ifxetex 2010/09/12 v0.6 Provides ifxetex conditional
)
\Gm@cnth=\count99
\Gm@cntv=\count100
\c@Gm@tempcnt=\count101
\Gm@bindingoffset=\dimen112
\Gm@wd@mp=\dimen113
\Gm@odd@mp=\dimen114
\Gm@even@mp=\dimen115
\Gm@layoutwidth=\dimen116
\Gm@layoutheight=\dimen117
\Gm@layouthoffset=\dimen118
\Gm@layoutvoffset=\dimen119
\Gm@dimlist=\toks21

("C:\Program Files (x86)\MiKTeX 2.9\tex\latex\geometry\geometry.cfg"))
("C:\Program Files (x86)\MiKTeX 2.9\tex\latex\graphics\graphicx.sty"
Package: graphicx 1999/02/16 v1.0f Enhanced LaTeX Graphics (DPC,SPQR)

("C:\Program Files (x86)\MiKTeX 2.9\tex\latex\graphics\graphics.sty"
Package: graphics 2009/02/05 v1.0o Standard LaTeX Graphics (DPC,SPQR)

("C:\Program Files (x86)\MiKTeX 2.9\tex\latex\graphics\trig.sty"
Package: trig 1999/03/16 v1.09 sin cos tan (DPC)
)
("C:\Program Files (x86)\MiKTeX 2.9\tex\latex\00miktex\graphics.cfg"
File: graphics.cfg 2007/01/18 v1.5 graphics configuration of teTeX/TeXLive
)
Package graphics Info: Driver file: pdftex.def on input line 91.

("C:\Program Files (x86)\MiKTeX 2.9\tex\latex\pdftex-def\pdftex.def"
File: pdftex.def 2011/05/27 v0.06d Graphics/color for pdfTeX

("C:\Program Files (x86)\MiKTeX 2.9\tex\generic\oberdiek\infwarerr.sty"
Package: infwarerr 2010/04/08 v1.3 Providing info/warning/error messages (HO)
)
("C:\Program Files (x86)\MiKTeX 2.9\tex\generic\oberdiek\ltxcmds.sty"
Package: ltxcmds 2011/11/09 v1.22 LaTeX kernel commands for general use (HO)
)
\Gread@gobject=\count102
))
\Gin@req@height=\dimen120
\Gin@req@width=\dimen121
)
("C:\Program Files (x86)\MiKTeX 2.9\tex\latex\apacite\apacite.sty"
Package: apacite 2013/07/21 v6.03 APA citation
\c@BibCnt=\count103
\bibleftmargin=\skip46
\bibindent=\skip47
\bibparsep=\skip48
\bibitemsep=\skip49
\biblabelsep=\skip50
)
("C:\Program Files (x86)\MiKTeX 2.9\tex\latex\natbib\natbib.sty"
Package: natbib 2010/09/13 8.31b (PWD, AO)
\bibhang=\skip51
\bibsep=\skip52
LaTeX Info: Redefining \cite on input line 694.
\c@NAT@ctr=\count104
)
LaTeX Info: Redefining \BBA on input line 7.

("C:\Program Files (x86)\MiKTeX 2.9\tex\latex\subfig\subfig.sty"
Package: subfig 2005/06/28 ver: 1.3 subfig package

("C:\Program Files (x86)\MiKTeX 2.9\tex\latex\caption\caption.sty"
Package: caption 2013/05/02 v3.3-89 Customizing captions (AR)

("C:\Program Files (x86)\MiKTeX 2.9\tex\latex\caption\caption3.sty"
Package: caption3 2013/05/02 v1.6-88 caption3 kernel (AR)
Package caption3 Info: TeX engine: e-TeX on input line 57.
\captionmargin=\dimen122
\captionmargin@=\dimen123
\captionwidth=\dimen124
\caption@tempdima=\dimen125
\caption@indent=\dimen126
\caption@parindent=\dimen127
\caption@hangindent=\dimen128
)
\c@ContinuedFloat=\count105
)
\c@KVtest=\count106
\sf@farskip=\skip53
\sf@captopadj=\dimen129
\sf@capskip=\skip54
\sf@nearskip=\skip55
\c@subfigure=\count107
\c@subfigure@save=\count108
\c@lofdepth=\count109
\c@subtable=\count110
\c@subtable@save=\count111
\c@lotdepth=\count112
\sf@top=\skip56
\sf@bottom=\skip57
)
("C:\Program Files (x86)\MiKTeX 2.9\tex\latex\float\float.sty"
Package: float 2001/11/08 v1.3d Float enhancements (AL)
\c@float@type=\count113
\float@exts=\toks22
\float@box=\box28
\@float@everytoks=\toks23
\@floatcapt=\box29
)
("C:\Program Files (x86)\MiKTeX 2.9\tex\latex\multirow\multirow.sty"
\bigstrutjot=\dimen130
)
("C:\Program Files (x86)\MiKTeX 2.9\tex\latex\tools\array.sty"
Package: array 2008/09/09 v2.4c Tabular extension package (FMi)
\col@sep=\dimen131
\extrarowheight=\dimen132
\NC@list=\toks24
\extratabsurround=\skip58
\backup@length=\skip59
)
("C:\Program Files (x86)\MiKTeX 2.9\tex\latex\titlesec\titlesec.sty"
Package: titlesec 2011/12/15 v2.10.0 Sectioning titles
\ttl@box=\box30
\beforetitleunit=\skip60
\aftertitleunit=\skip61
\ttl@plus=\dimen133
\ttl@minus=\dimen134
\ttl@toksa=\toks25
\titlewidth=\dimen135
\titlewidthlast=\dimen136
\titlewidthfirst=\dimen137
)
(C:\Users\jep2963\Documents\R\PIR-APP\Notes\notes.aux)
LaTeX Font Info:    Checking defaults for OML/cmm/m/it on input line 32.
LaTeX Font Info:    ... okay on input line 32.
LaTeX Font Info:    Checking defaults for T1/cmr/m/n on input line 32.
LaTeX Font Info:    ... okay on input line 32.
LaTeX Font Info:    Checking defaults for OT1/cmr/m/n on input line 32.
LaTeX Font Info:    ... okay on input line 32.
LaTeX Font Info:    Checking defaults for OMS/cmsy/m/n on input line 32.
LaTeX Font Info:    ... okay on input line 32.
LaTeX Font Info:    Checking defaults for OMX/cmex/m/n on input line 32.
LaTeX Font Info:    ... okay on input line 32.
LaTeX Font Info:    Checking defaults for U/cmr/m/n on input line 32.
LaTeX Font Info:    ... okay on input line 32.

*geometry* driver: auto-detecting
*geometry* detected driver: pdftex
*geometry* verbose mode - [ preamble ] result:
* driver: pdftex
* paper: <default>
* layout: <same size as paper>
* layoutoffset:(h,v)=(0.0pt,0.0pt)
* modes: 
* h-part:(L,W,R)=(72.26999pt, 469.75502pt, 72.26999pt)
* v-part:(T,H,B)=(72.26999pt, 650.43001pt, 72.26999pt)
* \paperwidth=614.295pt
* \paperheight=794.96999pt
* \textwidth=469.75502pt
* \textheight=650.43001pt
* \oddsidemargin=0.0pt
* \evensidemargin=0.0pt
* \topmargin=-37.0pt
* \headheight=12.0pt
* \headsep=25.0pt
* \topskip=11.0pt
* \footskip=30.0pt
* \marginparwidth=59.0pt
* \marginparsep=10.0pt
* \columnsep=10.0pt
* \skip\footins=10.0pt plus 4.0pt minus 2.0pt
* \hoffset=0.0pt
* \voffset=0.0pt
* \mag=1000
* \@twocolumnfalse
* \@twosidefalse
* \@mparswitchfalse
* \@reversemarginfalse
* (1in=72.27pt=25.4mm, 1cm=28.453pt)

("C:\Program Files (x86)\MiKTeX 2.9\tex\context\base\supp-pdf.mkii"
[Loading MPS to PDF converter (version 2006.09.02).]
\scratchcounter=\count114
\scratchdimen=\dimen138
\scratchbox=\box31
\nofMPsegments=\count115
\nofMParguments=\count116
\everyMPshowfont=\toks26
\MPscratchCnt=\count117
\MPscratchDim=\dimen139
\MPnumerator=\count118
\makeMPintoPDFobject=\count119
\everyMPtoPDFconversion=\toks27
)
\c@maskedRefs=\count120
 ("C:\Program Files (x86)\MiKTeX 2.9\tex\latex\apacite\english.apc"
File: english.apc 2013/07/21 v6.03 apacite language file
LaTeX Info: Redefining \BPBI on input line 129.
LaTeX Info: Redefining \BHBI on input line 130.
)
Package caption Info: Begin \AtBeginDocument code.
Package caption Info: subfig package v1.3 is loaded.
Package caption Info: float package is loaded.
Package caption Info: End \AtBeginDocument code.
LaTeX Font Info:    Try loading font information for U+msa on input line 33.

("C:\Program Files (x86)\MiKTeX 2.9\tex\latex\amsfonts\umsa.fd"
File: umsa.fd 2013/01/14 v3.01 AMS symbols A
)
LaTeX Font Info:    Try loading font information for U+msb on input line 33.

("C:\Program Files (x86)\MiKTeX 2.9\tex\latex\amsfonts\umsb.fd"
File: umsb.fd 2013/01/14 v3.01 AMS symbols B
) [1

{C:/ProgramData/MiKTeX/2.9/pdftex/config/pdftex.map}] [2] [3]
(C:\Users\jep2963\Documents\R\PIR-APP\Notes\notes.aux) ) 
Here is how much of TeX's memory you used:
 4829 strings out of 493921
 67937 string characters out of 3144871
 144395 words of memory out of 3000000
 8071 multiletter control sequences out of 15000+200000
 11663 words of font info for 43 fonts, out of 3000000 for 9000
 841 hyphenation exceptions out of 8191
 44i,15n,42p,469b,170s stack positions out of 5000i,500n,10000p,200000b,50000s
<C:/Program Files (x86)
/MiKTeX 2.9/fonts/type1/public/amsfonts/cm/cmbx10.pfb><C:/Program Files (x86)/M
iKTeX 2.9/fonts/type1/public/amsfonts/cm/cmbx12.pfb><C:/Program Files (x86)/MiK
TeX 2.9/fonts/type1/public/amsfonts/cm/cmex10.pfb><C:/Program Files (x86)/MiKTe
X 2.9/fonts/type1/public/amsfonts/cm/cmmi10.pfb><C:/Program Files (x86)/MiKTeX 
2.9/fonts/type1/public/amsfonts/cm/cmmi8.pfb><C:/Program Files (x86)/MiKTeX 2.9
/fonts/type1/public/amsfonts/cm/cmmib10.pfb><C:/Program Files (x86)/MiKTeX 2.9/
fonts/type1/public/amsfonts/cm/cmr10.pfb><C:/Program Files (x86)/MiKTeX 2.9/fon
ts/type1/public/amsfonts/cm/cmr8.pfb><C:/Program Files (x86)/MiKTeX 2.9/fonts/t
ype1/public/amsfonts/cm/cmsy10.pfb><C:/Program Files (x86)/MiKTeX 2.9/fonts/typ
e1/public/amsfonts/cm/cmsy8.pfb>
Output written on notes.pdf (3 pages, 119900 bytes).
PDF statistics:
 52 PDF objects out of 1000 (max. 8388607)
 0 named destinations out of 1000 (max. 500000)
 1 words of extra memory for PDF output out of 10000 (max. 10000000)

